This file contains any messages produced by compilers while
running configure, to aid debugging if configure makes a mistake.

It was created by libalize configure 2.0, which was
generated by GNU Autoconf 2.71.  Invocation command line was

  $ ./configure --no-create --no-recursion

## --------- ##
## Platform. ##
## --------- ##

hostname = romain-VirtualBox
uname -m = x86_64
uname -r = 5.15.0-60-generic
uname -s = Linux
uname -v = #66-Ubuntu SMP Fri Jan 20 14:29:49 UTC 2023

/usr/bin/uname -p = x86_64
/bin/uname -X     = unknown

/bin/arch              = x86_64
/usr/bin/arch -k       = unknown
/usr/convex/getsysinfo = unknown
/usr/bin/hostinfo      = unknown
/bin/machine           = unknown
/usr/bin/oslevel       = unknown
/bin/universe          = unknown

PATH: /home/romain/bin/
PATH: /usr/local/sbin/
PATH: /usr/local/bin/
PATH: /usr/sbin/
PATH: /usr/bin/
PATH: /sbin/
PATH: /bin/
PATH: /usr/games/
PATH: /usr/local/games/
PATH: /snap/bin/
PATH: /snap/bin/
PATH: /home/romain/Downloads/spro-5.0-157/


## ----------- ##
## Core tests. ##
## ----------- ##

configure:2712: looking for aux files: compile config.guess config.sub ltmain.sh missing install-sh
configure:2725:  trying ./
configure:2754:   ./compile found
configure:2754:   ./config.guess found
configure:2754:   ./config.sub found
configure:2754:   ./ltmain.sh found
configure:2754:   ./missing found
configure:2736:   ./install-sh found
configure:2883: checking for a BSD-compatible install
configure:2956: result: /usr/bin/install -c
configure:2967: checking whether build environment is sane
configure:3022: result: yes
configure:3181: checking for a race-free mkdir -p
configure:3225: result: /usr/bin/mkdir -p
configure:3232: checking for gawk
configure:3267: result: no
configure:3232: checking for mawk
configure:3253: found /usr/bin/mawk
configure:3264: result: mawk
configure:3275: checking whether make sets $(MAKE)
configure:3298: result: yes
configure:3328: checking whether make supports nested variables
configure:3346: result: yes
configure:3553: checking for g++
configure:3574: found /usr/bin/g++
configure:3585: result: g++
configure:3612: checking for C++ compiler version
configure:3621: g++ --version >&5
g++ (Ubuntu 11.3.0-1ubuntu1~22.04) 11.3.0
Copyright (C) 2021 Free Software Foundation, Inc.
This is free software; see the source for copying conditions.  There is NO
warranty; not even for MERCHANTABILITY or FITNESS FOR A PARTICULAR PURPOSE.

configure:3632: $? = 0
configure:3621: g++ -v >&5
Using built-in specs.
COLLECT_GCC=g++
COLLECT_LTO_WRAPPER=/usr/lib/gcc/x86_64-linux-gnu/11/lto-wrapper
OFFLOAD_TARGET_NAMES=nvptx-none:amdgcn-amdhsa
OFFLOAD_TARGET_DEFAULT=1
Target: x86_64-linux-gnu
Configured with: ../src/configure -v --with-pkgversion='Ubuntu 11.3.0-1ubuntu1~22.04' --with-bugurl=file:///usr/share/doc/gcc-11/README.Bugs --enable-languages=c,ada,c++,go,brig,d,fortran,objc,obj-c++,m2 --prefix=/usr --with-gcc-major-version-only --program-suffix=-11 --program-prefix=x86_64-linux-gnu- --enable-shared --enable-linker-build-id --libexecdir=/usr/lib --without-included-gettext --enable-threads=posix --libdir=/usr/lib --enable-nls --enable-bootstrap --enable-clocale=gnu --enable-libstdcxx-debug --enable-libstdcxx-time=yes --with-default-libstdcxx-abi=new --enable-gnu-unique-object --disable-vtable-verify --enable-plugin --enable-default-pie --with-system-zlib --enable-libphobos-checking=release --with-target-system-zlib=auto --enable-objc-gc=auto --enable-multiarch --disable-werror --enable-cet --with-arch-32=i686 --with-abi=m64 --with-multilib-list=m32,m64,mx32 --enable-multilib --with-tune=generic --enable-offload-targets=nvptx-none=/build/gcc-11-xKiWfi/gcc-11-11.3.0/debian/tmp-nvptx/usr,amdgcn-amdhsa=/build/gcc-11-xKiWfi/gcc-11-11.3.0/debian/tmp-gcn/usr --without-cuda-driver --enable-checking=release --build=x86_64-linux-gnu --host=x86_64-linux-gnu --target=x86_64-linux-gnu --with-build-config=bootstrap-lto-lean --enable-link-serialization=2
Thread model: posix
Supported LTO compression algorithms: zlib zstd
gcc version 11.3.0 (Ubuntu 11.3.0-1ubuntu1~22.04) 
... rest of stderr output deleted ...
configure:3632: $? = 0
configure:3621: g++ -V >&5
g++: error: unrecognized command-line option '-V'
g++: fatal error: no input files
compilation terminated.
configure:3632: $? = 1
configure:3621: g++ -qversion >&5
g++: error: unrecognized command-line option '-qversion'; did you mean '--version'?
g++: fatal error: no input files
compilation terminated.
configure:3632: $? = 1
configure:3652: checking whether the C++ compiler works
configure:3674: g++    conftest.cpp  >&5
configure:3678: $? = 0
configure:3728: result: yes
configure:3731: checking for C++ compiler default output file name
configure:3733: result: a.out
configure:3739: checking for suffix of executables
configure:3746: g++ -o conftest    conftest.cpp  >&5
configure:3750: $? = 0
configure:3773: result: 
configure:3795: checking whether we are cross compiling
configure:3803: g++ -o conftest    conftest.cpp  >&5
configure:3807: $? = 0
configure:3814: ./conftest
configure:3818: $? = 0
configure:3833: result: no
configure:3838: checking for suffix of object files
configure:3861: g++ -c   conftest.cpp >&5
configure:3865: $? = 0
configure:3887: result: o
configure:3891: checking whether the compiler supports GNU C++
configure:3911: g++ -c   conftest.cpp >&5
configure:3911: $? = 0
configure:3921: result: yes
configure:3932: checking whether g++ accepts -g
configure:3953: g++ -c -g  conftest.cpp >&5
configure:3953: $? = 0
configure:3997: result: yes
configure:4017: checking for g++ option to enable C++11 features
configure:4032: g++  -c -g -O2  conftest.cpp >&5
conftest.cpp: In function 'int main(int, char**)':
conftest.cpp:177:25: warning: empty parentheses were disambiguated as a function declaration [-Wvexing-parse]
  177 |   cxx11test::delegate d2();
      |                         ^~
conftest.cpp:177:25: note: remove parentheses to default-initialize a variable
  177 |   cxx11test::delegate d2();
      |                         ^~
      |                         --
conftest.cpp:177:25: note: or replace parentheses with braces to value-initialize a variable
configure:4032: $? = 0
configure:4050: result: none needed
configure:4117: checking whether make supports the include directive
configure:4132: make -f confmf.GNU && cat confinc.out
make[1]: Entering directory '/home/romain/ALIZE'
make[1]: Leaving directory '/home/romain/ALIZE'
this is the am__doit target
configure:4135: $? = 0
configure:4154: result: yes (GNU style)
configure:4180: checking dependency style of g++
configure:4292: result: gcc3
configure:4339: checking build system type
configure:4354: result: x86_64-unknown-linux-gnu
configure:4374: checking host system type
configure:4388: result: x86_64-unknown-linux-gnu
configure:4429: checking how to print strings
configure:4456: result: printf
configure:4539: checking for gcc
configure:4560: found /usr/bin/gcc
configure:4571: result: gcc
configure:4924: checking for C compiler version
configure:4933: gcc --version >&5
gcc (Ubuntu 11.3.0-1ubuntu1~22.04) 11.3.0
Copyright (C) 2021 Free Software Foundation, Inc.
This is free software; see the source for copying conditions.  There is NO
warranty; not even for MERCHANTABILITY or FITNESS FOR A PARTICULAR PURPOSE.

configure:4944: $? = 0
configure:4933: gcc -v >&5
Using built-in specs.
COLLECT_GCC=gcc
COLLECT_LTO_WRAPPER=/usr/lib/gcc/x86_64-linux-gnu/11/lto-wrapper
OFFLOAD_TARGET_NAMES=nvptx-none:amdgcn-amdhsa
OFFLOAD_TARGET_DEFAULT=1
Target: x86_64-linux-gnu
Configured with: ../src/configure -v --with-pkgversion='Ubuntu 11.3.0-1ubuntu1~22.04' --with-bugurl=file:///usr/share/doc/gcc-11/README.Bugs --enable-languages=c,ada,c++,go,brig,d,fortran,objc,obj-c++,m2 --prefix=/usr --with-gcc-major-version-only --program-suffix=-11 --program-prefix=x86_64-linux-gnu- --enable-shared --enable-linker-build-id --libexecdir=/usr/lib --without-included-gettext --enable-threads=posix --libdir=/usr/lib --enable-nls --enable-bootstrap --enable-clocale=gnu --enable-libstdcxx-debug --enable-libstdcxx-time=yes --with-default-libstdcxx-abi=new --enable-gnu-unique-object --disable-vtable-verify --enable-plugin --enable-default-pie --with-system-zlib --enable-libphobos-checking=release --with-target-system-zlib=auto --enable-objc-gc=auto --enable-multiarch --disable-werror --enable-cet --with-arch-32=i686 --with-abi=m64 --with-multilib-list=m32,m64,mx32 --enable-multilib --with-tune=generic --enable-offload-targets=nvptx-none=/build/gcc-11-xKiWfi/gcc-11-11.3.0/debian/tmp-nvptx/usr,amdgcn-amdhsa=/build/gcc-11-xKiWfi/gcc-11-11.3.0/debian/tmp-gcn/usr --without-cuda-driver --enable-checking=release --build=x86_64-linux-gnu --host=x86_64-linux-gnu --target=x86_64-linux-gnu --with-build-config=bootstrap-lto-lean --enable-link-serialization=2
Thread model: posix
Supported LTO compression algorithms: zlib zstd
gcc version 11.3.0 (Ubuntu 11.3.0-1ubuntu1~22.04) 
... rest of stderr output deleted ...
configure:4944: $? = 0
configure:4933: gcc -V >&5
gcc: error: unrecognized command-line option '-V'
gcc: fatal error: no input files
compilation terminated.
configure:4944: $? = 1
configure:4933: gcc -qversion >&5
gcc: error: unrecognized command-line option '-qversion'; did you mean '--version'?
gcc: fatal error: no input files
compilation terminated.
configure:4944: $? = 1
configure:4933: gcc -version >&5
gcc: error: unrecognized command-line option '-version'
gcc: fatal error: no input files
compilation terminated.
configure:4944: $? = 1
configure:4948: checking whether the compiler supports GNU C
configure:4968: gcc -c   conftest.c >&5
configure:4968: $? = 0
configure:4978: result: yes
configure:4989: checking whether gcc accepts -g
configure:5010: gcc -c -g  conftest.c >&5
configure:5010: $? = 0
configure:5054: result: yes
configure:5074: checking for gcc option to enable C11 features
configure:5089: gcc  -c -g -O2  conftest.c >&5
configure:5089: $? = 0
configure:5107: result: none needed
configure:5223: checking whether gcc understands -c and -o together
configure:5246: gcc -c conftest.c -o conftest2.o
configure:5249: $? = 0
configure:5246: gcc -c conftest.c -o conftest2.o
configure:5249: $? = 0
configure:5261: result: yes
configure:5280: checking dependency style of gcc
configure:5392: result: gcc3
configure:5407: checking for a sed that does not truncate output
configure:5477: result: /usr/bin/sed
configure:5495: checking for grep that handles long lines and -e
configure:5559: result: /usr/bin/grep
configure:5564: checking for egrep
configure:5632: result: /usr/bin/grep -E
configure:5637: checking for fgrep
configure:5705: result: /usr/bin/grep -F
configure:5741: checking for ld used by gcc
configure:5809: result: /usr/bin/ld
configure:5816: checking if the linker (/usr/bin/ld) is GNU ld
configure:5832: result: yes
configure:5844: checking for BSD- or MS-compatible name lister (nm)
configure:5899: result: /usr/bin/nm -B
configure:6039: checking the name lister (/usr/bin/nm -B) interface
configure:6047: gcc -c -g -O2  conftest.c >&5
configure:6050: /usr/bin/nm -B "conftest.o"
configure:6053: output
0000000000000000 B some_variable
configure:6060: result: BSD nm
configure:6063: checking whether ln -s works
configure:6067: result: yes
configure:6075: checking the maximum length of command line arguments
configure:6207: result: 1572864
configure:6255: checking how to convert x86_64-unknown-linux-gnu file names to x86_64-unknown-linux-gnu format
configure:6296: result: func_convert_file_noop
configure:6303: checking how to convert x86_64-unknown-linux-gnu file names to toolchain format
configure:6324: result: func_convert_file_noop
configure:6331: checking for /usr/bin/ld option to reload object files
configure:6339: result: -r
configure:6418: checking for objdump
configure:6439: found /usr/bin/objdump
configure:6450: result: objdump
configure:6482: checking how to recognize dependent libraries
configure:6683: result: pass_all
configure:6773: checking for dlltool
configure:6808: result: no
configure:6838: checking how to associate runtime and link libraries
configure:6866: result: printf %s\n
configure:6932: checking for ar
configure:6953: found /usr/bin/ar
configure:6964: result: ar
configure:7001: checking for archiver @FILE support
configure:7019: gcc -c -g -O2  conftest.c >&5
configure:7019: $? = 0
configure:7023: ar cr libconftest.a @conftest.lst >&5
configure:7026: $? = 0
configure:7031: ar cr libconftest.a @conftest.lst >&5
ar: conftest.o: No such file or directory
configure:7034: $? = 1
configure:7046: result: @
configure:7109: checking for strip
configure:7130: found /usr/bin/strip
configure:7141: result: strip
configure:7218: checking for ranlib
configure:7239: found /usr/bin/ranlib
configure:7250: result: ranlib
configure:7352: checking command to parse /usr/bin/nm -B output from gcc object
configure:7506: gcc -c -g -O2  conftest.c >&5
configure:7509: $? = 0
configure:7513: /usr/bin/nm -B conftest.o | sed -n -e 's/^.*[	 ]\([ABCDGIRSTW][ABCDGIRSTW]*\)[	 ][	 ]*\([_A-Za-z][_A-Za-z0-9]*\)$/\1 \2 \2/p' | sed '/ __gnu_lto/d' > conftest.nm
configure:7579: gcc -o conftest -g -O2   conftest.c conftstm.o >&5
configure:7582: $? = 0
configure:7620: result: ok
configure:7667: checking for sysroot
configure:7698: result: no
configure:7705: checking for a working dd
configure:7749: result: /usr/bin/dd
configure:7753: checking how to truncate binary pipes
configure:7769: result: /usr/bin/dd bs=4096 count=1
configure:7906: gcc -c -g -O2  conftest.c >&5
configure:7909: $? = 0
configure:8106: checking for mt
configure:8127: found /usr/bin/mt
configure:8138: result: mt
configure:8161: checking if mt is a manifest tool
configure:8168: mt '-?'
configure:8176: result: no
configure:8906: checking for stdio.h
configure:8906: gcc -c -g -O2  conftest.c >&5
configure:8906: $? = 0
configure:8906: result: yes
configure:8906: checking for stdlib.h
configure:8906: gcc -c -g -O2  conftest.c >&5
configure:8906: $? = 0
configure:8906: result: yes
configure:8906: checking for string.h
configure:8906: gcc -c -g -O2  conftest.c >&5
configure:8906: $? = 0
configure:8906: result: yes
configure:8906: checking for inttypes.h
configure:8906: gcc -c -g -O2  conftest.c >&5
configure:8906: $? = 0
configure:8906: result: yes
configure:8906: checking for stdint.h
configure:8906: gcc -c -g -O2  conftest.c >&5
configure:8906: $? = 0
configure:8906: result: yes
configure:8906: checking for strings.h
configure:8906: gcc -c -g -O2  conftest.c >&5
configure:8906: $? = 0
configure:8906: result: yes
configure:8906: checking for sys/stat.h
configure:8906: gcc -c -g -O2  conftest.c >&5
configure:8906: $? = 0
configure:8906: result: yes
configure:8906: checking for sys/types.h
configure:8906: gcc -c -g -O2  conftest.c >&5
configure:8906: $? = 0
configure:8906: result: yes
configure:8906: checking for unistd.h
configure:8906: gcc -c -g -O2  conftest.c >&5
configure:8906: $? = 0
configure:8906: result: yes
configure:8931: checking for dlfcn.h
configure:8931: gcc -c -g -O2  conftest.c >&5
configure:8931: $? = 0
configure:8931: result: yes
configure:9201: checking for objdir
configure:9217: result: .libs
configure:9477: checking if gcc supports -fno-rtti -fno-exceptions
configure:9496: gcc -c -g -O2  -fno-rtti -fno-exceptions conftest.c >&5
cc1: warning: command-line option '-fno-rtti' is valid for C++/D/ObjC++ but not for C
configure:9500: $? = 0
configure:9513: result: no
configure:9877: checking for gcc option to produce PIC
configure:9885: result: -fPIC -DPIC
configure:9893: checking if gcc PIC flag -fPIC -DPIC works
configure:9912: gcc -c -g -O2  -fPIC -DPIC -DPIC conftest.c >&5
configure:9916: $? = 0
configure:9929: result: yes
configure:9958: checking if gcc static flag -static works
configure:9987: result: yes
configure:10002: checking if gcc supports -c -o file.o
configure:10024: gcc -c -g -O2  -o out/conftest2.o conftest.c >&5
configure:10028: $? = 0
configure:10050: result: yes
configure:10058: checking if gcc supports -c -o file.o
configure:10106: result: yes
configure:10139: checking whether the gcc linker (/usr/bin/ld -m elf_x86_64) supports shared libraries
configure:11409: result: yes
configure:11446: checking whether -lc should be explicitly linked in
configure:11455: gcc -c -g -O2  conftest.c >&5
configure:11458: $? = 0
configure:11473: gcc -shared  -fPIC -DPIC conftest.o  -v -Wl,-soname -Wl,conftest -o conftest 2\>\&1 \| /usr/bin/grep  -lc  \>/dev/null 2\>\&1
configure:11476: $? = 0
configure:11490: result: no
configure:11650: checking dynamic linker characteristics
configure:12232: gcc -o conftest -g -O2   -Wl,-rpath -Wl,/foo conftest.c  >&5
configure:12232: $? = 0
configure:12483: result: GNU/Linux ld.so
configure:12605: checking how to hardcode library paths into programs
configure:12630: result: immediate
configure:13182: checking whether stripping libraries is possible
configure:13187: result: yes
configure:13222: checking if libtool supports shared libraries
configure:13224: result: yes
configure:13227: checking whether to build shared libraries
configure:13252: result: yes
configure:13255: checking whether to build static libraries
configure:13259: result: yes
configure:13282: checking how to run the C++ preprocessor
configure:13304: g++ -E  conftest.cpp
configure:13304: $? = 0
configure:13319: g++ -E  conftest.cpp
conftest.cpp:23:10: fatal error: ac_nonexistent.h: No such file or directory
   23 | #include <ac_nonexistent.h>
      |          ^~~~~~~~~~~~~~~~~~
compilation terminated.
configure:13319: $? = 1
configure: failed program was:
| /* confdefs.h */
| #define PACKAGE_NAME "libalize"
| #define PACKAGE_TARNAME "libalize"
| #define PACKAGE_VERSION "2.0"
| #define PACKAGE_STRING "libalize 2.0"
| #define PACKAGE_BUGREPORT "dev-alize@listes.univ-avignon.fr"
| #define PACKAGE_URL ""
| #define PACKAGE "libalize"
| #define VERSION "2.0"
| #define HAVE_STDIO_H 1
| #define HAVE_STDLIB_H 1
| #define HAVE_STRING_H 1
| #define HAVE_INTTYPES_H 1
| #define HAVE_STDINT_H 1
| #define HAVE_STRINGS_H 1
| #define HAVE_SYS_STAT_H 1
| #define HAVE_SYS_TYPES_H 1
| #define HAVE_UNISTD_H 1
| #define STDC_HEADERS 1
| #define HAVE_DLFCN_H 1
| #define LT_OBJDIR ".libs/"
| /* end confdefs.h.  */
| #include <ac_nonexistent.h>
configure:13346: result: g++ -E
configure:13360: g++ -E  conftest.cpp
configure:13360: $? = 0
configure:13375: g++ -E  conftest.cpp
conftest.cpp:23:10: fatal error: ac_nonexistent.h: No such file or directory
   23 | #include <ac_nonexistent.h>
      |          ^~~~~~~~~~~~~~~~~~
compilation terminated.
configure:13375: $? = 1
configure: failed program was:
| /* confdefs.h */
| #define PACKAGE_NAME "libalize"
| #define PACKAGE_TARNAME "libalize"
| #define PACKAGE_VERSION "2.0"
| #define PACKAGE_STRING "libalize 2.0"
| #define PACKAGE_BUGREPORT "dev-alize@listes.univ-avignon.fr"
| #define PACKAGE_URL ""
| #define PACKAGE "libalize"
| #define VERSION "2.0"
| #define HAVE_STDIO_H 1
| #define HAVE_STDLIB_H 1
| #define HAVE_STRING_H 1
| #define HAVE_INTTYPES_H 1
| #define HAVE_STDINT_H 1
| #define HAVE_STRINGS_H 1
| #define HAVE_SYS_STAT_H 1
| #define HAVE_SYS_TYPES_H 1
| #define HAVE_UNISTD_H 1
| #define STDC_HEADERS 1
| #define HAVE_DLFCN_H 1
| #define LT_OBJDIR ".libs/"
| /* end confdefs.h.  */
| #include <ac_nonexistent.h>
configure:13540: checking for ld used by g++
configure:13608: result: /usr/bin/ld -m elf_x86_64
configure:13615: checking if the linker (/usr/bin/ld -m elf_x86_64) is GNU ld
configure:13631: result: yes
configure:13686: checking whether the g++ linker (/usr/bin/ld -m elf_x86_64) supports shared libraries
configure:14763: result: yes
configure:14799: g++ -c -g -O2  conftest.cpp >&5
configure:14802: $? = 0
configure:15283: checking for g++ option to produce PIC
configure:15291: result: -fPIC -DPIC
configure:15299: checking if g++ PIC flag -fPIC -DPIC works
configure:15318: g++ -c -g -O2  -fPIC -DPIC -DPIC conftest.cpp >&5
configure:15322: $? = 0
configure:15335: result: yes
configure:15358: checking if g++ static flag -static works
configure:15387: result: yes
configure:15399: checking if g++ supports -c -o file.o
configure:15421: g++ -c -g -O2  -o out/conftest2.o conftest.cpp >&5
configure:15425: $? = 0
configure:15447: result: yes
configure:15452: checking if g++ supports -c -o file.o
configure:15500: result: yes
configure:15530: checking whether the g++ linker (/usr/bin/ld -m elf_x86_64) supports shared libraries
configure:15573: result: yes
configure:15715: checking dynamic linker characteristics
configure:16475: result: GNU/Linux ld.so
configure:16540: checking how to hardcode library paths into programs
configure:16565: result: immediate
configure:16674: checking for ranlib
configure:16706: result: ranlib
configure:16728: checking whether make sets $(MAKE)
configure:16751: result: yes
configure:16939: checking that generated files are newer than configure
configure:16945: result: done
configure:16972: creating ./config.status

## ---------------- ##
## Cache variables. ##
## ---------------- ##

ac_cv_build=x86_64-unknown-linux-gnu
ac_cv_c_compiler_gnu=yes
ac_cv_cxx_compiler_gnu=yes
ac_cv_env_CCC_set=
ac_cv_env_CCC_value=
ac_cv_env_CC_set=
ac_cv_env_CC_value=
ac_cv_env_CFLAGS_set=
ac_cv_env_CFLAGS_value=
ac_cv_env_CPPFLAGS_set=
ac_cv_env_CPPFLAGS_value=
ac_cv_env_CXXCPP_set=
ac_cv_env_CXXCPP_value=
ac_cv_env_CXXFLAGS_set=
ac_cv_env_CXXFLAGS_value=
ac_cv_env_CXX_set=
ac_cv_env_CXX_value=
ac_cv_env_LDFLAGS_set=
ac_cv_env_LDFLAGS_value=
ac_cv_env_LIBS_set=
ac_cv_env_LIBS_value=
ac_cv_env_LT_SYS_LIBRARY_PATH_set=
ac_cv_env_LT_SYS_LIBRARY_PATH_value=
ac_cv_env_build_alias_set=
ac_cv_env_build_alias_value=
ac_cv_env_host_alias_set=
ac_cv_env_host_alias_value=
ac_cv_env_target_alias_set=
ac_cv_env_target_alias_value=
ac_cv_header_dlfcn_h=yes
ac_cv_header_inttypes_h=yes
ac_cv_header_stdint_h=yes
ac_cv_header_stdio_h=yes
ac_cv_header_stdlib_h=yes
ac_cv_header_string_h=yes
ac_cv_header_strings_h=yes
ac_cv_header_sys_stat_h=yes
ac_cv_header_sys_types_h=yes
ac_cv_header_unistd_h=yes
ac_cv_host=x86_64-unknown-linux-gnu
ac_cv_objext=o
ac_cv_path_EGREP='/usr/bin/grep -E'
ac_cv_path_FGREP='/usr/bin/grep -F'
ac_cv_path_GREP=/usr/bin/grep
ac_cv_path_SED=/usr/bin/sed
ac_cv_path_install='/usr/bin/install -c'
ac_cv_path_lt_DD=/usr/bin/dd
ac_cv_path_mkdir=/usr/bin/mkdir
ac_cv_prog_AWK=mawk
ac_cv_prog_CXXCPP='g++ -E'
ac_cv_prog_ac_ct_AR=ar
ac_cv_prog_ac_ct_CC=gcc
ac_cv_prog_ac_ct_CXX=g++
ac_cv_prog_ac_ct_MANIFEST_TOOL=mt
ac_cv_prog_ac_ct_OBJDUMP=objdump
ac_cv_prog_ac_ct_RANLIB=ranlib
ac_cv_prog_ac_ct_STRIP=strip
ac_cv_prog_cc_c11=
ac_cv_prog_cc_g=yes
ac_cv_prog_cc_stdc=
ac_cv_prog_cxx_11=no
ac_cv_prog_cxx_cxx11=
ac_cv_prog_cxx_g=yes
ac_cv_prog_cxx_stdcxx=
ac_cv_prog_make_make_set=yes
am_cv_CC_dependencies_compiler_type=gcc3
am_cv_CXX_dependencies_compiler_type=gcc3
am_cv_make_support_nested_variables=yes
am_cv_prog_cc_c_o=yes
lt_cv_ar_at_file=@
lt_cv_archive_cmds_need_lc=no
lt_cv_deplibs_check_method=pass_all
lt_cv_file_magic_cmd='$MAGIC_CMD'
lt_cv_file_magic_test_file=
lt_cv_ld_reload_flag=-r
lt_cv_nm_interface='BSD nm'
lt_cv_objdir=.libs
lt_cv_path_LD=/usr/bin/ld
lt_cv_path_LDCXX='/usr/bin/ld -m elf_x86_64'
lt_cv_path_NM='/usr/bin/nm -B'
lt_cv_path_mainfest_tool=no
lt_cv_prog_compiler_c_o=yes
lt_cv_prog_compiler_c_o_CXX=yes
lt_cv_prog_compiler_pic='-fPIC -DPIC'
lt_cv_prog_compiler_pic_CXX='-fPIC -DPIC'
lt_cv_prog_compiler_pic_works=yes
lt_cv_prog_compiler_pic_works_CXX=yes
lt_cv_prog_compiler_rtti_exceptions=no
lt_cv_prog_compiler_static_works=yes
lt_cv_prog_compiler_static_works_CXX=yes
lt_cv_prog_gnu_ld=yes
lt_cv_prog_gnu_ldcxx=yes
lt_cv_sharedlib_from_linklib_cmd='printf %s\n'
lt_cv_shlibpath_overrides_runpath=yes
lt_cv_sys_global_symbol_pipe='sed -n -e '\''s/^.*[	 ]\([ABCDGIRSTW][ABCDGIRSTW]*\)[	 ][	 ]*\([_A-Za-z][_A-Za-z0-9]*\)$/\1 \2 \2/p'\'' | sed '\''/ __gnu_lto/d'\'''
lt_cv_sys_global_symbol_to_c_name_address='sed -n -e '\''s/^: \(.*\) .*$/  {"\1", (void *) 0},/p'\'' -e '\''s/^[ABCDGIRSTW][ABCDGIRSTW]* .* \(.*\)$/  {"\1", (void *) \&\1},/p'\'''
lt_cv_sys_global_symbol_to_c_name_address_lib_prefix='sed -n -e '\''s/^: \(.*\) .*$/  {"\1", (void *) 0},/p'\'' -e '\''s/^[ABCDGIRSTW][ABCDGIRSTW]* .* \(lib.*\)$/  {"\1", (void *) \&\1},/p'\'' -e '\''s/^[ABCDGIRSTW][ABCDGIRSTW]* .* \(.*\)$/  {"lib\1", (void *) \&\1},/p'\'''
lt_cv_sys_global_symbol_to_cdecl='sed -n -e '\''s/^T .* \(.*\)$/extern int \1();/p'\'' -e '\''s/^[ABCDGIRSTW][ABCDGIRSTW]* .* \(.*\)$/extern char \1;/p'\'''
lt_cv_sys_global_symbol_to_import=
lt_cv_sys_max_cmd_len=1572864
lt_cv_to_host_file_cmd=func_convert_file_noop
lt_cv_to_tool_file_cmd=func_convert_file_noop
lt_cv_truncate_bin='/usr/bin/dd bs=4096 count=1'

## ----------------- ##
## Output variables. ##
## ----------------- ##

ACLOCAL='${SHELL} '\''/home/romain/ALIZE/missing'\'' aclocal-1.16'
AMDEPBACKSLASH='\'
AMDEP_FALSE='#'
AMDEP_TRUE=''
AMTAR='$${TAR-tar}'
AM_BACKSLASH='\'
AM_DEFAULT_V='$(AM_DEFAULT_VERBOSITY)'
AM_DEFAULT_VERBOSITY='1'
AM_V='$(V)'
AR='ar'
ARCH='x86_64'
AUTOCONF='${SHELL} '\''/home/romain/ALIZE/missing'\'' autoconf'
AUTOHEADER='${SHELL} '\''/home/romain/ALIZE/missing'\'' autoheader'
AUTOMAKE='${SHELL} '\''/home/romain/ALIZE/missing'\'' automake-1.16'
AWK='mawk'
CC='gcc'
CCDEPMODE='depmode=gcc3'
CFLAGS='-g -O2'
CPPFLAGS=''
CSCOPE='cscope'
CTAGS='ctags'
CXX='g++'
CXXCPP='g++ -E'
CXXDEPMODE='depmode=gcc3'
CXXFLAGS='-O3 -ffast-math'
CYGPATH_W='echo'
DEBUG=''
DEFS='-DPACKAGE_NAME=\"libalize\" -DPACKAGE_TARNAME=\"libalize\" -DPACKAGE_VERSION=\"2.0\" -DPACKAGE_STRING=\"libalize\ 2.0\" -DPACKAGE_BUGREPORT=\"dev-alize@listes.univ-avignon.fr\" -DPACKAGE_URL=\"\" -DPACKAGE=\"libalize\" -DVERSION=\"2.0\" -DHAVE_STDIO_H=1 -DHAVE_STDLIB_H=1 -DHAVE_STRING_H=1 -DHAVE_INTTYPES_H=1 -DHAVE_STDINT_H=1 -DHAVE_STRINGS_H=1 -DHAVE_SYS_STAT_H=1 -DHAVE_SYS_TYPES_H=1 -DHAVE_UNISTD_H=1 -DSTDC_HEADERS=1 -DHAVE_DLFCN_H=1 -DLT_OBJDIR=\".libs/\"'
DEPDIR='.deps'
DLLTOOL='false'
DSYMUTIL=''
DUMPBIN=''
ECHO_C=''
ECHO_N='-n'
ECHO_T=''
EGREP='/usr/bin/grep -E'
ETAGS='etags'
EXEEXT=''
FGREP='/usr/bin/grep -F'
GREP='/usr/bin/grep'
INSTALL_DATA='${INSTALL} -m 644'
INSTALL_PROGRAM='${INSTALL}'
INSTALL_SCRIPT='${INSTALL}'
INSTALL_STRIP_PROGRAM='$(install_sh) -c -s'
LD='/usr/bin/ld -m elf_x86_64'
LDFLAGS=''
LIBOBJS=''
LIBS=''
LIBTOOL='$(SHELL) $(top_builddir)/libtool'
LIPO=''
LN_S='ln -s'
LTLIBOBJS=''
LT_SYS_LIBRARY_PATH=''
MAKEINFO='${SHELL} '\''/home/romain/ALIZE/missing'\'' makeinfo'
MANIFEST_TOOL=':'
MKDIR_P='/usr/bin/mkdir -p'
NM='/usr/bin/nm -B'
NMEDIT=''
OBJDUMP='objdump'
OBJEXT='o'
OS='Linux'
OTOOL64=''
OTOOL=''
PACKAGE='libalize'
PACKAGE_BUGREPORT='dev-alize@listes.univ-avignon.fr'
PACKAGE_NAME='libalize'
PACKAGE_STRING='libalize 2.0'
PACKAGE_TARNAME='libalize'
PACKAGE_URL=''
PACKAGE_VERSION='2.0'
PATH_SEPARATOR=':'
RANLIB='ranlib'
SED='/usr/bin/sed'
SET_MAKE=''
SHELL='/bin/bash'
STRIP='strip'
VERSION='2.0'
ac_ct_AR='ar'
ac_ct_CC='gcc'
ac_ct_CXX='g++'
ac_ct_DUMPBIN=''
am__EXEEXT_FALSE=''
am__EXEEXT_TRUE='#'
am__fastdepCC_FALSE='#'
am__fastdepCC_TRUE=''
am__fastdepCXX_FALSE='#'
am__fastdepCXX_TRUE=''
am__include='include'
am__isrc=''
am__leading_dot='.'
am__nodep='_no'
am__quote=''
am__tar='$${TAR-tar} chof - "$$tardir"'
am__untar='$${TAR-tar} xf -'
bindir='${exec_prefix}/bin'
build='x86_64-unknown-linux-gnu'
build_alias=''
build_cpu='x86_64'
build_os='linux-gnu'
build_vendor='unknown'
datadir='${datarootdir}'
datarootdir='${prefix}/share'
docdir='${datarootdir}/doc/${PACKAGE_TARNAME}'
dvidir='${docdir}'
exec_prefix='${prefix}'
host='x86_64-unknown-linux-gnu'
host_alias=''
host_cpu='x86_64'
host_os='linux-gnu'
host_vendor='unknown'
htmldir='${docdir}'
includedir='${prefix}/include'
infodir='${datarootdir}/info'
install_sh='${SHELL} /home/romain/ALIZE/install-sh'
libdir='${exec_prefix}/lib'
libexecdir='${exec_prefix}/libexec'
localedir='${datarootdir}/locale'
localstatedir='${prefix}/var'
mandir='${datarootdir}/man'
mkdir_p='$(MKDIR_P)'
oldincludedir='/usr/include'
pdfdir='${docdir}'
prefix='/usr/local'
program_transform_name='s,x,x,'
psdir='${docdir}'
runstatedir='${localstatedir}/run'
sbindir='${exec_prefix}/sbin'
sharedstatedir='${prefix}/com'
sysconfdir='${prefix}/etc'
target_alias=''

## ----------- ##
## confdefs.h. ##
## ----------- ##

/* confdefs.h */
#define PACKAGE_NAME "libalize"
#define PACKAGE_TARNAME "libalize"
#define PACKAGE_VERSION "2.0"
#define PACKAGE_STRING "libalize 2.0"
#define PACKAGE_BUGREPORT "dev-alize@listes.univ-avignon.fr"
#define PACKAGE_URL ""
#define PACKAGE "libalize"
#define VERSION "2.0"
#define HAVE_STDIO_H 1
#define HAVE_STDLIB_H 1
#define HAVE_STRING_H 1
#define HAVE_INTTYPES_H 1
#define HAVE_STDINT_H 1
#define HAVE_STRINGS_H 1
#define HAVE_SYS_STAT_H 1
#define HAVE_SYS_TYPES_H 1
#define HAVE_UNISTD_H 1
#define STDC_HEADERS 1
#define HAVE_DLFCN_H 1
#define LT_OBJDIR ".libs/"

configure: exit 0

## ---------------------- ##
## Running config.status. ##
## ---------------------- ##

This file was extended by libalize config.status 2.0, which was
generated by GNU Autoconf 2.71.  Invocation command line was

  CONFIG_FILES    = 
  CONFIG_HEADERS  = 
  CONFIG_LINKS    = 
  CONFIG_COMMANDS = 
  $ ./config.status 

on romain-VirtualBox

config.status:1069: creating Makefile
config.status:1069: creating src/Makefile
config.status:1241: executing depfiles commands
config.status:1318: cd src       && sed -e '/# am--include-marker/d' Makefile         | make -f - am--depfiles
make[1]: Entering directory '/home/romain/ALIZE/src'
make[1]: Nothing to be done for 'am--depfiles'.
make[1]: Leaving directory '/home/romain/ALIZE/src'
config.status:1323: $? = 0
config.status:1241: executing libtool commands
